<?xml version="1.0"?>
<!DOCTYPE coverage SYSTEM "http://cobertura.sourceforge.net/xml/coverage-04.dtd">

<coverage line-rate="0.7435132716969878" branch-rate="0.6340852130325815" lines-covered="2493" lines-valid="3353" branches-covered="506" branches-valid="798" complexity="2.108267716535433" version="2.0.3" timestamp="1504509542104">
	<sources>
		<source>/home/travis/build/plt-tud/r43ples/target/generated-sources/annotations</source>
		<source>--source</source>
		<source>/home/travis/build/plt-tud/r43ples/src/main/java</source>
	</sources>
	<packages>
		<package name="de.tud.plt.r43ples.core" line-rate="0.898936170212766" branch-rate="0.7152777777777778" complexity="2.6129032258064515">
			<classes>
				<class name="de.tud.plt.r43ples.core.CommitDraft" filename="de/tud/plt/r43ples/core/CommitDraft.java" line-rate="0.9166666666666666" branch-rate="0.75" complexity="1.4615384615384615">
					<methods>
						<method name="&lt;init&gt;" signature="(Lde/tud/plt/r43ples/management/R43plesRequest;)V" line-rate="0.8095238095238095" branch-rate="0.625">
							<lines>
								<line number="24" hits="498" branch="false"/>
								<line number="27" hits="498" branch="false"/>
								<line number="29" hits="498" branch="false"/>
								<line number="33" hits="498" branch="false"/>
								<line number="62" hits="498" branch="false"/>
								<line number="64" hits="498" branch="false"/>
								<line number="66" hits="498" branch="false"/>
								<line number="68" hits="498" branch="false"/>
								<line number="69" hits="498" branch="true" condition-coverage="100% (2/2)">
									<conditions>
										<condition number="0" type="jump" coverage="100%"/>
									</conditions>
								</line>
								<line number="70" hits="81" branch="false"/>
								<line number="71" hits="81" branch="false"/>
								<line number="72" hits="81" branch="true" condition-coverage="100% (2/2)">
									<conditions>
										<condition number="0" type="jump" coverage="100%"/>
									</conditions>
								</line>
								<line number="73" hits="3" branch="false"/>
								<line number="75" hits="3" branch="true" condition-coverage="25% (1/4)">
									<conditions>
										<condition number="0" type="jump" coverage="50%"/>
										<condition number="1" type="jump" coverage="0%"/>
									</conditions>
								</line>
								<line number="76" hits="0" branch="false"/>
								<line number="77" hits="0" branch="false"/>
								<line number="78" hits="0" branch="false"/>
								<line number="79" hits="0" branch="false"/>
								<line number="80" hits="3" branch="false"/>
								<line number="84" hits="498" branch="false"/>
								<line number="85" hits="498" branch="false"/>
							</lines>
						</method>
						<method name="extractMessage" signature="()Ljava/lang/String;" line-rate="1.0" branch-rate="1.0">
							<lines>
								<line number="107" hits="81" branch="false"/>
								<line number="108" hits="81" branch="true" condition-coverage="100% (2/2)">
									<conditions>
										<condition number="0" type="jump" coverage="100%"/>
									</conditions>
								</line>
								<line number="109" hits="79" branch="false"/>
								<line number="110" hits="79" branch="false"/>
								<line number="112" hits="81" branch="false"/>
							</lines>
						</method>
						<method name="extractUser" signature="()Ljava/lang/String;" line-rate="1.0" branch-rate="1.0">
							<lines>
								<line number="93" hits="81" branch="false"/>
								<line number="94" hits="81" branch="true" condition-coverage="100% (2/2)">
									<conditions>
										<condition number="0" type="jump" coverage="100%"/>
									</conditions>
								</line>
								<line number="95" hits="79" branch="false"/>
								<line number="96" hits="79" branch="false"/>
								<line number="98" hits="81" branch="false"/>
							</lines>
						</method>
						<method name="formatDateString" signature="(Ljava/util/Date;)Ljava/lang/String;" line-rate="1.0" branch-rate="1.0">
							<lines>
								<line number="123" hits="980" branch="false"/>
								<line number="124" hits="980" branch="false"/>
								<line number="125" hits="980" branch="false"/>
								<line number="126" hits="980" branch="false"/>
							</lines>
						</method>
						<method name="getMessage" signature="()Ljava/lang/String;" line-rate="1.0" branch-rate="1.0">
							<lines>
								<line number="162" hits="928" branch="false"/>
							</lines>
						</method>
						<method name="getRequest" signature="()Lde/tud/plt/r43ples/management/R43plesRequest;" line-rate="1.0" branch-rate="1.0">
							<lines>
								<line number="135" hits="132" branch="false"/>
							</lines>
						</method>
						<method name="getRevisionManagement" signature="()Lde/tud/plt/r43ples/core/RevisionManagement;" line-rate="1.0" branch-rate="1.0">
							<lines>
								<line number="198" hits="1175" branch="false"/>
							</lines>
						</method>
						<method name="getTimeStamp" signature="()Ljava/lang/String;" line-rate="1.0" branch-rate="1.0">
							<lines>
								<line number="180" hits="980" branch="false"/>
							</lines>
						</method>
						<method name="getTripleStoreInterface" signature="()Lde/tud/plt/r43ples/triplestoreInterface/TripleStoreInterface;" line-rate="1.0" branch-rate="1.0">
							<lines>
								<line number="189" hits="1303" branch="false"/>
							</lines>
						</method>
						<method name="getUser" signature="()Ljava/lang/String;" line-rate="1.0" branch-rate="1.0">
							<lines>
								<line number="144" hits="928" branch="false"/>
							</lines>
						</method>
						<method name="moveBranchReference" signature="(Ljava/lang/String;Ljava/lang/String;Ljava/lang/String;Ljava/lang/String;)V" line-rate="1.0" branch-rate="1.0">
							<lines>
								<line number="212" hits="336" branch="false"/>
								<line number="216" hits="336" branch="false"/>
								<line number="217" hits="336" branch="false"/>
							</lines>
						</method>
						<method name="setMessage" signature="(Ljava/lang/String;)V" line-rate="1.0" branch-rate="1.0">
							<lines>
								<line number="171" hits="417" branch="false"/>
								<line number="172" hits="417" branch="false"/>
							</lines>
						</method>
						<method name="setUser" signature="(Ljava/lang/String;)V" line-rate="1.0" branch-rate="1.0">
							<lines>
								<line number="153" hits="417" branch="false"/>
								<line number="154" hits="417" branch="false"/>
							</lines>
						</method>
					</methods>
					<lines>
						<line number="24" hits="498" branch="false"/>
						<line number="27" hits="498" branch="false"/>
						<line number="29" hits="498" branch="false"/>
						<line number="33" hits="498" branch="false"/>
						<line number="62" hits="498" branch="false"/>
						<line number="64" hits="498" branch="false"/>
						<line number="66" hits="498" branch="false"/>
						<line number="68" hits="498" branch="false"/>
						<line number="69" hits="498" branch="true" condition-coverage="100% (2/2)">
							<conditions>
								<condition number="0" type="jump" coverage="100%"/>
							</conditions>
						</line>
						<line number="70" hits="81" branch="false"/>
						<line number="71" hits="81" branch="false"/>
						<line number="72" hits="81" branch="true" condition-coverage="100% (2/2)">
							<conditions>
								<condition number="0" type="jump" coverage="100%"/>
							</conditions>
						</line>
						<line number="73" hits="3" branch="false"/>
						<line number="75" hits="3" branch="true" condition-coverage="25% (1/4)">
							<conditions>
								<condition number="0" type="jump" coverage="50%"/>
								<condition number="1" type="jump" coverage="0%"/>
							</conditions>
						</line>
						<line number="76" hits="0" branch="false"/>
						<line number="77" hits="0" branch="false"/>
						<line number="78" hits="0" branch="false"/>
						<line number="79" hits="0" branch="false"/>
						<line number="80" hits="3" branch="false"/>
						<line number="84" hits="498" branch="false"/>
						<line number="85" hits="498" branch="false"/>
						<line number="93" hits="81" branch="false"/>
						<line number="94" hits="81" branch="true" condition-coverage="100% (2/2)">
							<conditions>
								<condition number="0" type="jump" coverage="100%"/>
							</conditions>
						</line>
						<line number="95" hits="79" branch="false"/>
						<line number="96" hits="79" branch="false"/>
						<line number="98" hits="81" branch="false"/>
						<line number="107" hits="81" branch="false"/>
						<line number="108" hits="81" branch="true" condition-coverage="100% (2/2)">
							<conditions>
								<condition number="0" type="jump" coverage="100%"/>
							</conditions>
						</line>
						<line number="109" hits="79" branch="false"/>
						<line number="110" hits="79" branch="false"/>
						<line number="112" hits="81" branch="false"/>
						<line number="123" hits="980" branch="false"/>
						<line number="124" hits="980" branch="false"/>
						<line number="125" hits="980" branch="false"/>
						<line number="126" hits="980" branch="false"/>
						<line number="135" hits="132" branch="false"/>
						<line number="144" hits="928" branch="false"/>
						<line number="153" hits="417" branch="false"/>
						<line number="154" hits="417" branch="false"/>
						<line number="162" hits="928" branch="false"/>
						<line number="171" hits="417" branch="false"/>
						<line number="172" hits="417" branch="false"/>
						<line number="180" hits="980" branch="false"/>
						<line number="189" hits="1303" branch="false"/>
						<line number="198" hits="1175" branch="false"/>
						<line number="212" hits="336" branch="false"/>
						<line number="216" hits="336" branch="false"/>
						<line number="217" hits="336" branch="false"/>
					</lines>
				</class>
				<class name="de.tud.plt.r43ples.core.FastForwardMergeCommitDraft" filename="de/tud/plt/r43ples/core/FastForwardMergeCommitDraft.java" line-rate="0.967741935483871" branch-rate="1.0" complexity="1.25">
					<methods>
						<method name="&lt;init&gt;" signature="(Ljava/lang/String;Ljava/lang/String;Ljava/lang/String;Ljava/lang/String;Ljava/lang/String;Ljava/lang/String;Ljava/lang/String;Lde/tud/plt/r43ples/core/MergeTypes;Z)V" line-rate="1.0" branch-rate="1.0">
							<lines>
								<line number="25" hits="1" branch="false"/>
								<line number="48" hits="1" branch="false"/>
								<line number="50" hits="1" branch="false"/>
								<line number="51" hits="1" branch="false"/>
							</lines>
						</method>
						<method name="addMetaInformation" signature="(Lde/tud/plt/r43ples/existentobjects/Revision;Lde/tud/plt/r43ples/existentobjects/Branch;Lde/tud/plt/r43ples/existentobjects/Revision;Lde/tud/plt/r43ples/existentobjects/Branch;)Lde/tud/plt/r43ples/existentobjects/FastForwardMergeCommit;" line-rate="1.0" branch-rate="1.0">
							<lines>
								<line number="88" hits="1" branch="false"/>
								<line number="89" hits="1" branch="false"/>
								<line number="92" hits="1" branch="false"/>
								<line number="93" hits="1" branch="false"/>
								<line number="106" hits="1" branch="false"/>
								<line number="110" hits="1" branch="false"/>
								<line number="112" hits="1" branch="false"/>
								<line number="114" hits="1" branch="false"/>
								<line number="117" hits="1" branch="false"/>
								<line number="119" hits="1" branch="false"/>
								<line number="121" hits="1" branch="false"/>
							</lines>
						</method>
						<method name="createCommitInTripleStore" signature="()Lde/tud/plt/r43ples/existentobjects/FastForwardMergeCommit;" line-rate="1.0" branch-rate="1.0">
							<lines>
								<line number="60" hits="1" branch="false"/>
								<line number="61" hits="1" branch="false"/>
								<line number="63" hits="1" branch="false"/>
								<line number="64" hits="1" branch="false"/>
								<line number="66" hits="1" branch="false"/>
								<line number="67" hits="1" branch="false"/>
								<line number="69" hits="1" branch="false"/>
								<line number="71" hits="1" branch="false"/>
							</lines>
						</method>
						<method name="createCommitInTripleStore" signature="()Lde/tud/plt/r43ples/existentobjects/MergeCommit;" line-rate="0.0" branch-rate="1.0">
							<lines>
								<line number="22" hits="0" branch="false"/>
							</lines>
						</method>
						<method name="updateBelongsTo" signature="(Ljava/lang/String;Lde/tud/plt/r43ples/existentobjects/Path;)V" line-rate="1.0" branch-rate="1.0">
							<lines>
								<line number="134" hits="1" branch="false"/>
								<line number="135" hits="4" branch="true" condition-coverage="100% (2/2)">
									<conditions>
										<condition number="0" type="jump" coverage="100%"/>
									</conditions>
								</line>
								<line number="136" hits="3" branch="false"/>
								<line number="138" hits="3" branch="false"/>
								<line number="141" hits="3" branch="false"/>
								<line number="142" hits="3" branch="false"/>
								<line number="143" hits="1" branch="false"/>
							</lines>
						</method>
					</methods>
					<lines>
						<line number="22" hits="0" branch="false"/>
						<line number="25" hits="1" branch="false"/>
						<line number="48" hits="1" branch="false"/>
						<line number="50" hits="1" branch="false"/>
						<line number="51" hits="1" branch="false"/>
						<line number="60" hits="1" branch="false"/>
						<line number="61" hits="1" branch="false"/>
						<line number="63" hits="1" branch="false"/>
						<line number="64" hits="1" branch="false"/>
						<line number="66" hits="1" branch="false"/>
						<line number="67" hits="1" branch="false"/>
						<line number="69" hits="1" branch="false"/>
						<line number="71" hits="1" branch="false"/>
						<line number="88" hits="1" branch="false"/>
						<line number="89" hits="1" branch="false"/>
						<line number="92" hits="1" branch="false"/>
						<line number="93" hits="1" branch="false"/>
						<line number="106" hits="1" branch="false"/>
						<line number="110" hits="1" branch="false"/>
						<line number="112" hits="1" branch="false"/>
						<line number="114" hits="1" branch="false"/>
						<line number="117" hits="1" branch="false"/>
						<line number="119" hits="1" branch="false"/>
						<line number="121" hits="1" branch="false"/>
						<line number="134" hits="1" branch="false"/>
						<line number="135" hits="4" branch="true" condition-coverage="100% (2/2)">
							<conditions>
								<condition number="0" type="jump" coverage="100%"/>
							</conditions>
						</line>
						<line number="136" hits="3" branch="false"/>
						<line number="138" hits="3" branch="false"/>
						<line number="141" hits="3" branch="false"/>
						<line number="142" hits="3" branch="false"/>
						<line number="143" hits="1" branch="false"/>
					</lines>
				</class>
				<class name="de.tud.plt.r43ples.core.HeaderInformation" filename="de/tud/plt/r43ples/core/HeaderInformation.java" line-rate="1.0" branch-rate="1.0" complexity="2.3333333333333335">
					<methods>
						<method name="&lt;init&gt;" signature="()V" line-rate="1.0" branch-rate="1.0">
							<lines>
								<line number="14" hits="136" branch="false"/>
								<line number="17" hits="136" branch="false"/>
							</lines>
						</method>
						<method name="checkUpToDate" signature="(Ljava/lang/String;Ljava/lang/String;)V" line-rate="1.0" branch-rate="1.0">
							<lines>
								<line number="73" hits="3" branch="false"/>
								<line number="75" hits="3" branch="false"/>
								<line number="77" hits="3" branch="false"/>
								<line number="79" hits="3" branch="true" condition-coverage="100% (2/2)">
									<conditions>
										<condition number="0" type="jump" coverage="100%"/>
									</conditions>
								</line>
								<line number="80" hits="1" branch="false"/>
								<line number="82" hits="2" branch="false"/>
							</lines>
						</method>
						<method name="getResponseHeader" signature="(Ljava/lang/String;)Ljava/lang/String;" line-rate="1.0" branch-rate="1.0">
							<lines>
								<line number="46" hits="140" branch="false"/>
								<line number="67" hits="140" branch="false"/>
								<line number="68" hits="140" branch="false"/>
							</lines>
						</method>
						<method name="getResponseHeaderFromQuery" signature="(Ljava/lang/String;)Ljava/lang/String;" line-rate="1.0" branch-rate="1.0">
							<lines>
								<line number="25" hits="140" branch="false"/>
								<line number="29" hits="140" branch="false"/>
								<line number="30" hits="140" branch="false"/>
								<line number="31" hits="140" branch="false"/>
								<line number="32" hits="297" branch="true" condition-coverage="100% (2/2)">
									<conditions>
										<condition number="0" type="jump" coverage="100%"/>
									</conditions>
								</line>
								<line number="33" hits="157" branch="false"/>
								<line number="34" hits="157" branch="false"/>
								<line number="35" hits="157" branch="false"/>
								<line number="36" hits="157" branch="true" condition-coverage="100% (2/2)">
									<conditions>
										<condition number="0" type="jump" coverage="100%"/>
									</conditions>
								</line>
								<line number="37" hits="17" branch="false"/>
								<line number="38" hits="157" branch="false"/>
								<line number="39" hits="140" branch="false"/>
								<line number="40" hits="140" branch="false"/>
								<line number="41" hits="140" branch="false"/>
							</lines>
						</method>
					</methods>
					<lines>
						<line number="14" hits="136" branch="false"/>
						<line number="17" hits="136" branch="false"/>
						<line number="25" hits="140" branch="false"/>
						<line number="29" hits="140" branch="false"/>
						<line number="30" hits="140" branch="false"/>
						<line number="31" hits="140" branch="false"/>
						<line number="32" hits="297" branch="true" condition-coverage="100% (2/2)">
							<conditions>
								<condition number="0" type="jump" coverage="100%"/>
							</conditions>
						</line>
						<line number="33" hits="157" branch="false"/>
						<line number="34" hits="157" branch="false"/>
						<line number="35" hits="157" branch="false"/>
						<line number="36" hits="157" branch="true" condition-coverage="100% (2/2)">
							<conditions>
								<condition number="0" type="jump" coverage="100%"/>
							</conditions>
						</line>
						<line number="37" hits="17" branch="false"/>
						<line number="38" hits="157" branch="false"/>
						<line number="39" hits="140" branch="false"/>
						<line number="40" hits="140" branch="false"/>
						<line number="41" hits="140" branch="false"/>
						<line number="46" hits="140" branch="false"/>
						<line number="67" hits="140" branch="false"/>
						<line number="68" hits="140" branch="false"/>
						<line number="73" hits="3" branch="false"/>
						<line number="75" hits="3" branch="false"/>
						<line number="77" hits="3" branch="false"/>
						<line number="79" hits="3" branch="true" condition-coverage="100% (2/2)">
							<conditions>
								<condition number="0" type="jump" coverage="100%"/>
							</conditions>
						</line>
						<line number="80" hits="1" branch="false"/>
						<line number="82" hits="2" branch="false"/>
					</lines>
				</class>
				<class name="de.tud.plt.r43ples.core.InitialCommitDraft" filename="de/tud/plt/r43ples/core/InitialCommitDraft.java" line-rate="0.95" branch-rate="0.6666666666666666" complexity="2.0">
					<methods>
						<method name="&lt;init&gt;" signature="(Lde/tud/plt/r43ples/management/R43plesRequest;)V" line-rate="1.0" branch-rate="1.0">
							<lines>
								<line number="44" hits="2" branch="false"/>
								<line number="45" hits="2" branch="false"/>
								<line number="46" hits="2" branch="false"/>
								<line number="47" hits="1" branch="false"/>
								<line number="48" hits="1" branch="false"/>
							</lines>
						</method>
						<method name="&lt;init&gt;" signature="(Ljava/lang/String;Ljava/lang/String;Ljava/lang/String;Ljava/lang/String;Ljava/lang/String;)V" line-rate="1.0" branch-rate="1.0">
							<lines>
								<line number="25" hits="59" branch="false"/>
								<line number="28" hits="59" branch="false"/>
								<line number="62" hits="57" branch="false"/>
								<line number="63" hits="57" branch="false"/>
								<line number="64" hits="57" branch="false"/>
								<line number="65" hits="57" branch="false"/>
								<line number="66" hits="56" branch="false"/>
								<line number="67" hits="56" branch="false"/>
							</lines>
						</method>
						<method name="addMetaInformation" signature="(Lde/tud/plt/r43ples/core/RevisionDraft;Ljava/lang/String;Ljava/lang/String;)V" line-rate="1.0" branch-rate="1.0">
							<lines>
								<line number="127" hits="57" branch="false"/>
								<line number="134" hits="57" branch="false"/>
								<line number="137" hits="57" branch="false"/>
								<line number="144" hits="57" branch="false"/>
								<line number="151" hits="57" branch="false"/>
								<line number="159" hits="57" branch="false"/>
								<line number="161" hits="57" branch="false"/>
								<line number="163" hits="57" branch="false"/>
							</lines>
						</method>
						<method name="createCommitInTripleStore" signature="()Lde/tud/plt/r43ples/existentobjects/InitialCommit;" line-rate="0.8888888888888888" branch-rate="0.5">
							<lines>
								<line number="75" hits="57" branch="false"/>
								<line number="76" hits="57" branch="false"/>
								<line number="79" hits="57" branch="true" condition-coverage="50% (1/2)">
									<conditions>
										<condition number="0" type="jump" coverage="50%"/>
									</conditions>
								</line>
								<line number="80" hits="57" branch="false"/>
								<line number="82" hits="0" branch="false"/>
								<line number="85" hits="57" branch="false"/>
								<line number="87" hits="57" branch="false"/>
								<line number="88" hits="57" branch="false"/>
								<line number="90" hits="57" branch="false"/>
							</lines>
						</method>
						<method name="getGraphNameOfRequest" signature="()Ljava/lang/String;" line-rate="0.9" branch-rate="0.75">
							<lines>
								<line number="100" hits="2" branch="false"/>
								<line number="103" hits="2" branch="false"/>
								<line number="104" hits="2" branch="false"/>
								<line number="105" hits="2" branch="false"/>
								<line number="106" hits="4" branch="true" condition-coverage="100% (2/2)">
									<conditions>
										<condition number="0" type="jump" coverage="100%"/>
									</conditions>
								</line>
								<line number="107" hits="2" branch="false"/>
								<line number="108" hits="2" branch="false"/>
								<line number="110" hits="2" branch="true" condition-coverage="50% (1/2)">
									<conditions>
										<condition number="0" type="jump" coverage="50%"/>
									</conditions>
								</line>
								<line number="111" hits="0" branch="false"/>
								<line number="114" hits="2" branch="false"/>
							</lines>
						</method>
					</methods>
					<lines>
						<line number="25" hits="59" branch="false"/>
						<line number="28" hits="59" branch="false"/>
						<line number="44" hits="2" branch="false"/>
						<line number="45" hits="2" branch="false"/>
						<line number="46" hits="2" branch="false"/>
						<line number="47" hits="1" branch="false"/>
						<line number="48" hits="1" branch="false"/>
						<line number="62" hits="57" branch="false"/>
						<line number="63" hits="57" branch="false"/>
						<line number="64" hits="57" branch="false"/>
						<line number="65" hits="57" branch="false"/>
						<line number="66" hits="56" branch="false"/>
						<line number="67" hits="56" branch="false"/>
						<line number="75" hits="57" branch="false"/>
						<line number="76" hits="57" branch="false"/>
						<line number="79" hits="57" branch="true" condition-coverage="50% (1/2)">
							<conditions>
								<condition number="0" type="jump" coverage="50%"/>
							</conditions>
						</line>
						<line number="80" hits="57" branch="false"/>
						<line number="82" hits="0" branch="false"/>
						<line number="85" hits="57" branch="false"/>
						<line number="87" hits="57" branch="false"/>
						<line number="88" hits="57" branch="false"/>
						<line number="90" hits="57" branch="false"/>
						<line number="100" hits="2" branch="false"/>
						<line number="103" hits="2" branch="false"/>
						<line number="104" hits="2" branch="false"/>
						<line number="105" hits="2" branch="false"/>
						<line number="106" hits="4" branch="true" condition-coverage="100% (2/2)">
							<conditions>
								<condition number="0" type="jump" coverage="100%"/>
							</conditions>
						</line>
						<line number="107" hits="2" branch="false"/>
						<line number="108" hits="2" branch="false"/>
						<line number="110" hits="2" branch="true" condition-coverage="50% (1/2)">
							<conditions>
								<condition number="0" type="jump" coverage="50%"/>
							</conditions>
						</line>
						<line number="111" hits="0" branch="false"/>
						<line number="114" hits="2" branch="false"/>
						<line number="127" hits="57" branch="false"/>
						<line number="134" hits="57" branch="false"/>
						<line number="137" hits="57" branch="false"/>
						<line number="144" hits="57" branch="false"/>
						<line number="151" hits="57" branch="false"/>
						<line number="159" hits="57" branch="false"/>
						<line number="161" hits="57" branch="false"/>
						<line number="163" hits="57" branch="false"/>
					</lines>
				</class>
				<class name="de.tud.plt.r43ples.core.MergeActions" filename="de/tud/plt/r43ples/core/MergeActions.java" line-rate="1.0" branch-rate="1.0" complexity="0.0">
					<methods>
						<method name="&lt;clinit&gt;" signature="()V" line-rate="1.0" branch-rate="1.0">
							<lines>
								<line number="8" hits="3" branch="false"/>
								<line number="9" hits="1" branch="false"/>
							</lines>
						</method>
						<method name="&lt;init&gt;" signature="(Ljava/lang/String;I)V" line-rate="1.0" branch-rate="1.0">
							<lines>
							</lines>
						</method>
						<method name="valueOf" signature="(Ljava/lang/String;)Lde/tud/plt/r43ples/core/MergeActions;" line-rate="1.0" branch-rate="1.0">
							<lines>
							</lines>
						</method>
						<method name="values" signature="()[Lde/tud/plt/r43ples/core/MergeActions;" line-rate="1.0" branch-rate="1.0">
							<lines>
							</lines>
						</method>
					</methods>
					<lines>
						<line number="8" hits="3" branch="false"/>
						<line number="9" hits="1" branch="false"/>
					</lines>
				</class>
				<class name="de.tud.plt.r43ples.core.MergeCommitDraft" filename="de/tud/plt/r43ples/core/MergeCommitDraft.java" line-rate="0.898876404494382" branch-rate="0.6388888888888888" complexity="2.2666666666666666">
					<methods>
						<method name="&lt;init&gt;" signature="(Lde/tud/plt/r43ples/management/R43plesRequest;)V" line-rate="1.0" branch-rate="1.0">
							<lines>
								<line number="68" hits="5" branch="false"/>
								<line number="70" hits="5" branch="false"/>
								<line number="72" hits="5" branch="false"/>
								<line number="73" hits="5" branch="false"/>
								<line number="74" hits="5" branch="false"/>
							</lines>
						</method>
						<method name="&lt;init&gt;" signature="(Ljava/lang/String;Ljava/lang/String;Ljava/lang/String;Ljava/lang/String;Ljava/lang/String;Ljava/lang/String;Lde/tud/plt/r43ples/core/MergeActions;Ljava/lang/String;Lde/tud/plt/r43ples/core/MergeTypes;Z)V" line-rate="1.0" branch-rate="1.0">
							<lines>
								<line number="25" hits="10" branch="false"/>
								<line number="28" hits="10" branch="false"/>
								<line number="30" hits="10" branch="false"/>
								<line number="93" hits="5" branch="false"/>
								<line number="95" hits="5" branch="false"/>
								<line number="97" hits="5" branch="false"/>
								<line number="98" hits="5" branch="false"/>
								<line number="100" hits="5" branch="false"/>
								<line number="101" hits="5" branch="false"/>
								<line number="102" hits="5" branch="false"/>
								<line number="103" hits="5" branch="false"/>
								<line number="104" hits="5" branch="false"/>
								<line number="105" hits="5" branch="false"/>
								<line number="106" hits="5" branch="false"/>
								<line number="107" hits="5" branch="false"/>
								<line number="108" hits="5" branch="false"/>
								<line number="110" hits="5" branch="false"/>
								<line number="111" hits="5" branch="false"/>
							</lines>
						</method>
						<method name="createCommitInTripleStore" signature="()Lde/tud/plt/r43ples/existentobjects/MergeCommit;" line-rate="0.7222222222222222" branch-rate="0.5833333333333334">
							<lines>
								<line number="179" hits="5" branch="true" condition-coverage="50% (1/2)">
									<conditions>
										<condition number="0" type="jump" coverage="50%"/>
									</conditions>
								</line>
								<line number="180" hits="5" branch="false"/>
								<line number="181" hits="5" branch="false"/>
								<line number="182" hits="5" branch="false"/>
								<line number="185" hits="5" branch="true" condition-coverage="50% (1/2)">
									<conditions>
										<condition number="0" type="jump" coverage="50%"/>
									</conditions>
								</line>
								<line number="186" hits="0" branch="false"/>
								<line number="187" hits="0" branch="false"/>
								<line number="191" hits="5" branch="true" condition-coverage="50% (1/2)">
									<conditions>
										<condition number="0" type="jump" coverage="50%"/>
									</conditions>
								</line>
								<line number="193" hits="0" branch="false"/>
								<line number="197" hits="5" branch="true" condition-coverage="50% (2/4)">
									<conditions>
										<condition number="0" type="jump" coverage="50%"/>
										<condition number="1" type="jump" coverage="50%"/>
									</conditions>
								</line>
								<line number="198" hits="0" branch="false"/>
								<line number="202" hits="5" branch="false"/>
								<line number="207" hits="5" branch="true" condition-coverage="100% (2/2)">
									<conditions>
										<condition number="0" type="jump" coverage="100%"/>
									</conditions>
								</line>
								<line number="208" hits="4" branch="false"/>
								<line number="209" hits="4" branch="false"/>
								<line number="211" hits="1" branch="false"/>
								<line number="212" hits="1" branch="false"/>
								<line number="215" hits="0" branch="false"/>
							</lines>
						</method>
						<method name="extractRequestInformation" signature="()V" line-rate="0.9166666666666666" branch-rate="0.6666666666666666">
							<lines>
								<line number="119" hits="5" branch="false"/>
								<line number="121" hits="5" branch="false"/>
								<line number="123" hits="10" branch="true" condition-coverage="100% (2/2)">
									<conditions>
										<condition number="0" type="jump" coverage="100%"/>
									</conditions>
								</line>
								<line number="124" hits="5" branch="false"/>
								<line number="126" hits="5" branch="true" condition-coverage="50% (3/6)">
									<conditions>
										<condition number="0" type="jump" coverage="50%"/>
										<condition number="0" type="switch" coverage="50%"/>
										<condition number="1" type="switch" coverage="50%"/>
									</conditions>
								</line>
								<line number="128" hits="5" branch="false"/>
								<line number="129" hits="5" branch="false"/>
								<line number="131" hits="0" branch="false"/>
								<line number="134" hits="5" branch="false"/>
								<line number="135" hits="5" branch="true" condition-coverage="100% (2/2)">
									<conditions>
										<condition number="0" type="jump" coverage="100%"/>
									</conditions>
								</line>
								<line number="136" hits="2" branch="true" condition-coverage="60% (6/10)">
									<conditions>
										<condition number="0" type="jump" coverage="50%"/>
										<condition number="1" type="jump" coverage="50%"/>
										<condition number="0" type="switch" coverage="66%"/>
										<condition number="1" type="switch" coverage="66%"/>
									</conditions>
								</line>
								<line number="138" hits="1" branch="false"/>
								<line number="139" hits="1" branch="false"/>
								<line number="141" hits="1" branch="false"/>
								<line number="142" hits="1" branch="false"/>
								<line number="144" hits="0" branch="false"/>
								<line number="145" hits="2" branch="false"/>
								<line number="148" hits="3" branch="false"/>
								<line number="151" hits="5" branch="false"/>
								<line number="152" hits="5" branch="false"/>
								<line number="153" hits="5" branch="false"/>
								<line number="154" hits="5" branch="false"/>
								<line number="155" hits="5" branch="false"/>
								<line number="156" hits="5" branch="true" condition-coverage="100% (2/2)">
									<conditions>
										<condition number="0" type="jump" coverage="100%"/>
									</conditions>
								</line>
								<line number="157" hits="5" branch="false"/>
								<line number="159" hits="5" branch="false"/>
								<line number="160" hits="5" branch="false"/>
								<line number="161" hits="5" branch="false"/>
								<line number="162" hits="5" branch="false"/>
								<line number="163" hits="5" branch="false"/>
								<line number="164" hits="5" branch="false"/>
								<line number="165" hits="5" branch="false"/>
								<line number="166" hits="5" branch="false"/>
								<line number="167" hits="5" branch="true" condition-coverage="50% (1/2)">
									<conditions>
										<condition number="0" type="jump" coverage="50%"/>
									</conditions>
								</line>
								<line number="168" hits="0" branch="false"/>
								<line number="170" hits="5" branch="false"/>
							</lines>
						</method>
						<method name="fullGraphCopy" signature="(Ljava/lang/String;Ljava/lang/String;)V" line-rate="1.0" branch-rate="1.0">
							<lines>
								<line number="315" hits="2" branch="false"/>
								<line number="317" hits="2" branch="false"/>
							</lines>
						</method>
						<method name="getAction" signature="()Lde/tud/plt/r43ples/core/MergeActions;" line-rate="0.0" branch-rate="1.0">
							<lines>
								<line number="288" hits="0" branch="false"/>
							</lines>
						</method>
						<method name="getBranchNameFrom" signature="()Ljava/lang/String;" line-rate="1.0" branch-rate="1.0">
							<lines>
								<line number="234" hits="22" branch="false"/>
							</lines>
						</method>
						<method name="getBranchNameInto" signature="()Ljava/lang/String;" line-rate="1.0" branch-rate="1.0">
							<lines>
								<line number="243" hits="29" branch="false"/>
							</lines>
						</method>
						<method name="getGraphName" signature="()Ljava/lang/String;" line-rate="1.0" branch-rate="1.0">
							<lines>
								<line number="270" hits="13" branch="false"/>
							</lines>
						</method>
						<method name="getPathCalculationInterface" signature="()Lde/tud/plt/r43ples/optimization/PathCalculationInterface;" line-rate="1.0" branch-rate="1.0">
							<lines>
								<line number="306" hits="13" branch="false"/>
							</lines>
						</method>
						<method name="getRevisionGraph" signature="()Lde/tud/plt/r43ples/existentobjects/RevisionGraph;" line-rate="1.0" branch-rate="1.0">
							<lines>
								<line number="261" hits="132" branch="false"/>
							</lines>
						</method>
						<method name="getSdd" signature="()Ljava/lang/String;" line-rate="1.0" branch-rate="1.0">
							<lines>
								<line number="252" hits="4" branch="false"/>
							</lines>
						</method>
						<method name="getTriples" signature="()Ljava/lang/String;" line-rate="1.0" branch-rate="1.0">
							<lines>
								<line number="225" hits="2" branch="false"/>
							</lines>
						</method>
						<method name="getType" signature="()Lde/tud/plt/r43ples/core/MergeTypes;" line-rate="1.0" branch-rate="1.0">
							<lines>
								<line number="279" hits="13" branch="false"/>
							</lines>
						</method>
						<method name="isWith" signature="()Z" line-rate="1.0" branch-rate="1.0">
							<lines>
								<line number="297" hits="5" branch="false"/>
							</lines>
						</method>
					</methods>
					<lines>
						<line number="25" hits="10" branch="false"/>
						<line number="28" hits="10" branch="false"/>
						<line number="30" hits="10" branch="false"/>
						<line number="68" hits="5" branch="false"/>
						<line number="70" hits="5" branch="false"/>
						<line number="72" hits="5" branch="false"/>
						<line number="73" hits="5" branch="false"/>
						<line number="74" hits="5" branch="false"/>
						<line number="93" hits="5" branch="false"/>
						<line number="95" hits="5" branch="false"/>
						<line number="97" hits="5" branch="false"/>
						<line number="98" hits="5" branch="false"/>
						<line number="100" hits="5" branch="false"/>
						<line number="101" hits="5" branch="false"/>
						<line number="102" hits="5" branch="false"/>
						<line number="103" hits="5" branch="false"/>
						<line number="104" hits="5" branch="false"/>
						<line number="105" hits="5" branch="false"/>
						<line number="106" hits="5" branch="false"/>
						<line number="107" hits="5" branch="false"/>
						<line number="108" hits="5" branch="false"/>
						<line number="110" hits="5" branch="false"/>
						<line number="111" hits="5" branch="false"/>
						<line number="119" hits="5" branch="false"/>
						<line number="121" hits="5" branch="false"/>
						<line number="123" hits="10" branch="true" condition-coverage="100% (2/2)">
							<conditions>
								<condition number="0" type="jump" coverage="100%"/>
							</conditions>
						</line>
						<line number="124" hits="5" branch="false"/>
						<line number="126" hits="5" branch="true" condition-coverage="50% (3/6)">
							<conditions>
								<condition number="0" type="jump" coverage="50%"/>
								<condition number="0" type="switch" coverage="50%"/>
								<condition number="1" type="switch" coverage="50%"/>
							</conditions>
						</line>
						<line number="128" hits="5" branch="false"/>
						<line number="129" hits="5" branch="false"/>
						<line number="131" hits="0" branch="false"/>
						<line number="134" hits="5" branch="false"/>
						<line number="135" hits="5" branch="true" condition-coverage="100% (2/2)">
							<conditions>
								<condition number="0" type="jump" coverage="100%"/>
							</conditions>
						</line>
						<line number="136" hits="2" branch="true" condition-coverage="60% (6/10)">
							<conditions>
								<condition number="0" type="jump" coverage="50%"/>
								<condition number="1" type="jump" coverage="50%"/>
								<condition number="0" type="switch" coverage="66%"/>
								<condition number="1" type="switch" coverage="66%"/>
							</conditions>
						</line>
						<line number="138" hits="1" branch="false"/>
						<line number="139" hits="1" branch="false"/>
						<line number="141" hits="1" branch="false"/>
						<line number="142" hits="1" branch="false"/>
						<line number="144" hits="0" branch="false"/>
						<line number="145" hits="2" branch="false"/>
						<line number="148" hits="3" branch="false"/>
						<line number="151" hits="5" branch="false"/>
						<line number="152" hits="5" branch="false"/>
						<line number="153" hits="5" branch="false"/>
						<line number="154" hits="5" branch="false"/>
						<line number="155" hits="5" branch="false"/>
						<line number="156" hits="5" branch="true" condition-coverage="100% (2/2)">
							<conditions>
								<condition number="0" type="jump" coverage="100%"/>
							</conditions>
						</line>
						<line number="157" hits="5" branch="false"/>
						<line number="159" hits="5" branch="false"/>
						<line number="160" hits="5" branch="false"/>
						<line number="161" hits="5" branch="false"/>
						<line number="162" hits="5" branch="false"/>
						<line number="163" hits="5" branch="false"/>
						<line number="164" hits="5" branch="false"/>
						<line number="165" hits="5" branch="false"/>
						<line number="166" hits="5" branch="false"/>
						<line number="167" hits="5" branch="true" condition-coverage="50% (1/2)">
							<conditions>
								<condition number="0" type="jump" coverage="50%"/>
							</conditions>
						</line>
						<line number="168" hits="0" branch="false"/>
						<line number="170" hits="5" branch="false"/>
						<line number="179" hits="5" branch="true" condition-coverage="50% (1/2)">
							<conditions>
								<condition number="0" type="jump" coverage="50%"/>
							</conditions>
						</line>
						<line number="180" hits="5" branch="false"/>
						<line number="181" hits="5" branch="false"/>
						<line number="182" hits="5" branch="false"/>
						<line number="185" hits="5" branch="true" condition-coverage="50% (1/2)">
							<conditions>
								<condition number="0" type="jump" coverage="50%"/>
							</conditions>
						</line>
						<line number="186" hits="0" branch="false"/>
						<line number="187" hits="0" branch="false"/>
						<line number="191" hits="5" branch="true" condition-coverage="50% (1/2)">
							<conditions>
								<condition number="0" type="jump" coverage="50%"/>
							</conditions>
						</line>
						<line number="193" hits="0" branch="false"/>
						<line number="197" hits="5" branch="true" condition-coverage="50% (2/4)">
							<conditions>
								<condition number="0" type="jump" coverage="50%"/>
								<condition number="1" type="jump" coverage="50%"/>
							</conditions>
						</line>
						<line number="198" hits="0" branch="false"/>
						<line number="202" hits="5" branch="false"/>
						<line number="207" hits="5" branch="true" condition-coverage="100% (2/2)">
							<conditions>
								<condition number="0" type="jump" coverage="100%"/>
							</conditions>
						</line>
						<line number="208" hits="4" branch="false"/>
						<line number="209" hits="4" branch="false"/>
						<line number="211" hits="1" branch="false"/>
						<line number="212" hits="1" branch="false"/>
						<line number="215" hits="0" branch="false"/>
						<line number="225" hits="2" branch="false"/>
						<line number="234" hits="22" branch="false"/>
						<line number="243" hits="29" branch="false"/>
						<line number="252" hits="4" branch="false"/>
						<line number="261" hits="132" branch="false"/>
						<line number="270" hits="13" branch="false"/>
						<line number="279" hits="13" branch="false"/>
						<line number="288" hits="0" branch="false"/>
						<line number="297" hits="5" branch="false"/>
						<line number="306" hits="13" branch="false"/>
						<line number="315" hits="2" branch="false"/>
						<line number="317" hits="2" branch="false"/>
					</lines>
				</class>
				<class name="de.tud.plt.r43ples.core.MergeTypes" filename="de/tud/plt/r43ples/core/MergeTypes.java" line-rate="1.0" branch-rate="1.0" complexity="0.0">
					<methods>
						<method name="&lt;clinit&gt;" signature="()V" line-rate="1.0" branch-rate="1.0">
							<lines>
								<line number="8" hits="3" branch="false"/>
								<line number="9" hits="1" branch="false"/>
							</lines>
						</method>
						<method name="&lt;init&gt;" signature="(Ljava/lang/String;I)V" line-rate="1.0" branch-rate="1.0">
							<lines>
							</lines>
						</method>
						<method name="valueOf" signature="(Ljava/lang/String;)Lde/tud/plt/r43ples/core/MergeTypes;" line-rate="1.0" branch-rate="1.0">
							<lines>
							</lines>
						</method>
						<method name="values" signature="()[Lde/tud/plt/r43ples/core/MergeTypes;" line-rate="1.0" branch-rate="1.0">
							<lines>
							</lines>
						</method>
					</methods>
					<lines>
						<line number="8" hits="3" branch="false"/>
						<line number="9" hits="1" branch="false"/>
					</lines>
				</class>
				<class name="de.tud.plt.r43ples.core.PickCommitDraft" filename="de/tud/plt/r43ples/core/PickCommitDraft.java" line-rate="0.7" branch-rate="0.4375" complexity="2.8333333333333335">
					<methods>
						<method name="&lt;init&gt;" signature="(Lde/tud/plt/r43ples/management/R43plesRequest;)V" line-rate="1.0" branch-rate="1.0">
							<lines>
								<line number="61" hits="1" branch="false"/>
								<line number="63" hits="1" branch="false"/>
								<line number="65" hits="1" branch="false"/>
								<line number="66" hits="1" branch="false"/>
								<line number="67" hits="1" branch="false"/>
							</lines>
						</method>
						<method name="&lt;init&gt;" signature="(Ljava/lang/String;Ljava/lang/String;Ljava/lang/String;Ljava/lang/String;Ljava/lang/String;Ljava/lang/String;)V" line-rate="0.21428571428571427" branch-rate="1.0">
							<lines>
								<line number="26" hits="1" branch="false"/>
								<line number="29" hits="1" branch="false"/>
								<line number="31" hits="1" branch="false"/>
								<line number="82" hits="0" branch="false"/>
								<line number="84" hits="0" branch="false"/>
								<line number="86" hits="0" branch="false"/>
								<line number="87" hits="0" branch="false"/>
								<line number="89" hits="0" branch="false"/>
								<line number="90" hits="0" branch="false"/>
								<line number="91" hits="0" branch="false"/>
								<line number="92" hits="0" branch="false"/>
								<line number="93" hits="0" branch="false"/>
								<line number="95" hits="0" branch="false"/>
								<line number="96" hits="0" branch="false"/>
							</lines>
						</method>
						<method name="addMetaInformation" signature="(Lde/tud/plt/r43ples/existentobjects/Revision;Lde/tud/plt/r43ples/existentobjects/Revision;Lde/tud/plt/r43ples/existentobjects/Branch;Ljava/lang/String;Ljava/util/ArrayList;Ljava/util/ArrayList;)Lde/tud/plt/r43ples/existentobjects/PickCommit;" line-rate="1.0" branch-rate="1.0">
							<lines>
								<line number="197" hits="1" branch="false"/>
								<line number="200" hits="1" branch="false"/>
								<line number="201" hits="1" branch="false"/>
								<line number="214" hits="1" branch="false"/>
								<line number="218" hits="1" branch="false"/>
								<line number="221" hits="1" branch="false"/>
								<line number="224" hits="1" branch="false"/>
								<line number="226" hits="1" branch="false"/>
							</lines>
						</method>
						<method name="copyRevisionToTargetBranch" signature="(Lde/tud/plt/r43ples/existentobjects/Revision;Lde/tud/plt/r43ples/existentobjects/Revision;Lde/tud/plt/r43ples/existentobjects/Branch;Ljava/lang/String;)Lde/tud/plt/r43ples/existentobjects/Revision;" line-rate="1.0" branch-rate="1.0">
							<lines>
								<line number="240" hits="1" branch="false"/>
								<line number="241" hits="1" branch="false"/>
								<line number="243" hits="1" branch="false"/>
								<line number="244" hits="1" branch="false"/>
								<line number="247" hits="1" branch="false"/>
								<line number="248" hits="1" branch="false"/>
								<line number="257" hits="1" branch="false"/>
								<line number="260" hits="1" branch="false"/>
								<line number="262" hits="1" branch="false"/>
							</lines>
						</method>
						<method name="createCommitInTripleStore" signature="()Lde/tud/plt/r43ples/existentobjects/PickCommit;" line-rate="0.5714285714285714" branch-rate="0.3333333333333333">
							<lines>
								<line number="137" hits="1" branch="true" condition-coverage="50% (1/2)">
									<conditions>
										<condition number="0" type="jump" coverage="50%"/>
									</conditions>
								</line>
								<line number="138" hits="0" branch="false"/>
								<line number="139" hits="0" branch="false"/>
								<line number="143" hits="1" branch="true" condition-coverage="50% (1/2)">
									<conditions>
										<condition number="0" type="jump" coverage="50%"/>
									</conditions>
								</line>
								<line number="144" hits="0" branch="false"/>
								<line number="147" hits="1" branch="false"/>
								<line number="148" hits="1" branch="false"/>
								<line number="150" hits="1" branch="false"/>
								<line number="151" hits="1" branch="false"/>
								<line number="152" hits="1" branch="false"/>
								<line number="153" hits="1" branch="false"/>
								<line number="155" hits="1" branch="true" condition-coverage="50% (1/2)">
									<conditions>
										<condition number="0" type="jump" coverage="50%"/>
									</conditions>
								</line>
								<line number="156" hits="0" branch="false"/>
								<line number="157" hits="0" branch="false"/>
								<line number="160" hits="1" branch="false"/>
								<line number="163" hits="1" branch="false"/>
								<line number="164" hits="1" branch="true" condition-coverage="25% (1/4)">
									<conditions>
										<condition number="0" type="jump" coverage="50%"/>
										<condition number="1" type="jump" coverage="0%"/>
									</conditions>
								</line>
								<line number="165" hits="1" branch="false"/>
								<line number="166" hits="1" branch="false"/>
								<line number="167" hits="1" branch="false"/>
								<line number="169" hits="0" branch="false"/>
								<line number="170" hits="0" branch="true" condition-coverage="0% (0/2)">
									<conditions>
										<condition number="0" type="jump" coverage="0%"/>
									</conditions>
								</line>
								<line number="171" hits="0" branch="false"/>
								<line number="172" hits="0" branch="false"/>
								<line number="173" hits="0" branch="false"/>
								<line number="174" hits="0" branch="false"/>
								<line number="175" hits="0" branch="false"/>
								<line number="178" hits="1" branch="false"/>
							</lines>
						</method>
						<method name="extractRequestInformation" signature="()V" line-rate="0.9375" branch-rate="0.75">
							<lines>
								<line number="104" hits="1" branch="false"/>
								<line number="106" hits="1" branch="false"/>
								<line number="108" hits="2" branch="true" condition-coverage="100% (2/2)">
									<conditions>
										<condition number="0" type="jump" coverage="100%"/>
									</conditions>
								</line>
								<line number="109" hits="1" branch="false"/>
								<line number="111" hits="1" branch="false"/>
								<line number="112" hits="1" branch="false"/>
								<line number="114" hits="1" branch="false"/>
								<line number="115" hits="1" branch="false"/>
								<line number="116" hits="1" branch="false"/>
								<line number="118" hits="1" branch="false"/>
								<line number="119" hits="1" branch="false"/>
								<line number="120" hits="1" branch="false"/>
								<line number="121" hits="1" branch="false"/>
								<line number="123" hits="1" branch="true" condition-coverage="50% (1/2)">
									<conditions>
										<condition number="0" type="jump" coverage="50%"/>
									</conditions>
								</line>
								<line number="124" hits="0" branch="false"/>
								<line number="126" hits="1" branch="false"/>
							</lines>
						</method>
					</methods>
					<lines>
						<line number="26" hits="1" branch="false"/>
						<line number="29" hits="1" branch="false"/>
						<line number="31" hits="1" branch="false"/>
						<line number="61" hits="1" branch="false"/>
						<line number="63" hits="1" branch="false"/>
						<line number="65" hits="1" branch="false"/>
						<line number="66" hits="1" branch="false"/>
						<line number="67" hits="1" branch="false"/>
						<line number="82" hits="0" branch="false"/>
						<line number="84" hits="0" branch="false"/>
						<line number="86" hits="0" branch="false"/>
						<line number="87" hits="0" branch="false"/>
						<line number="89" hits="0" branch="false"/>
						<line number="90" hits="0" branch="false"/>
						<line number="91" hits="0" branch="false"/>
						<line number="92" hits="0" branch="false"/>
						<line number="93" hits="0" branch="false"/>
						<line number="95" hits="0" branch="false"/>
						<line number="96" hits="0" branch="false"/>
						<line number="104" hits="1" branch="false"/>
						<line number="106" hits="1" branch="false"/>
						<line number="108" hits="2" branch="true" condition-coverage="100% (2/2)">
							<conditions>
								<condition number="0" type="jump" coverage="100%"/>
							</conditions>
						</line>
						<line number="109" hits="1" branch="false"/>
						<line number="111" hits="1" branch="false"/>
						<line number="112" hits="1" branch="false"/>
						<line number="114" hits="1" branch="false"/>
						<line number="115" hits="1" branch="false"/>
						<line number="116" hits="1" branch="false"/>
						<line number="118" hits="1" branch="false"/>
						<line number="119" hits="1" branch="false"/>
						<line number="120" hits="1" branch="false"/>
						<line number="121" hits="1" branch="false"/>
						<line number="123" hits="1" branch="true" condition-coverage="50% (1/2)">
							<conditions>
								<condition number="0" type="jump" coverage="50%"/>
							</conditions>
						</line>
						<line number="124" hits="0" branch="false"/>
						<line number="126" hits="1" branch="false"/>
						<line number="137" hits="1" branch="true" condition-coverage="50% (1/2)">
							<conditions>
								<condition number="0" type="jump" coverage="50%"/>
							</conditions>
						</line>
						<line number="138" hits="0" branch="false"/>
						<line number="139" hits="0" branch="false"/>
						<line number="143" hits="1" branch="true" condition-coverage="50% (1/2)">
							<conditions>
								<condition number="0" type="jump" coverage="50%"/>
							</conditions>
						</line>
						<line number="144" hits="0" branch="false"/>
						<line number="147" hits="1" branch="false"/>
						<line number="148" hits="1" branch="false"/>
						<line number="150" hits="1" branch="false"/>
						<line number="151" hits="1" branch="false"/>
						<line number="152" hits="1" branch="false"/>
						<line number="153" hits="1" branch="false"/>
						<line number="155" hits="1" branch="true" condition-coverage="50% (1/2)">
							<conditions>
								<condition number="0" type="jump" coverage="50%"/>
							</conditions>
						</line>
						<line number="156" hits="0" branch="false"/>
						<line number="157" hits="0" branch="false"/>
						<line number="160" hits="1" branch="false"/>
						<line number="163" hits="1" branch="false"/>
						<line number="164" hits="1" branch="true" condition-coverage="25% (1/4)">
							<conditions>
								<condition number="0" type="jump" coverage="50%"/>
								<condition number="1" type="jump" coverage="0%"/>
							</conditions>
						</line>
						<line number="165" hits="1" branch="false"/>
						<line number="166" hits="1" branch="false"/>
						<line number="167" hits="1" branch="false"/>
						<line number="169" hits="0" branch="false"/>
						<line number="170" hits="0" branch="true" condition-coverage="0% (0/2)">
							<conditions>
								<condition number="0" type="jump" coverage="0%"/>
							</conditions>
						</line>
						<line number="171" hits="0" branch="false"/>
						<line number="172" hits="0" branch="false"/>
						<line number="173" hits="0" branch="false"/>
						<line number="174" hits="0" branch="false"/>
						<line number="175" hits="0" branch="false"/>
						<line number="178" hits="1" branch="false"/>
						<line number="197" hits="1" branch="false"/>
						<line number="200" hits="1" branch="false"/>
						<line number="201" hits="1" branch="false"/>
						<line number="214" hits="1" branch="false"/>
						<line number="218" hits="1" branch="false"/>
						<line number="221" hits="1" branch="false"/>
						<line number="224" hits="1" branch="false"/>
						<line number="226" hits="1" branch="false"/>
						<line number="240" hits="1" branch="false"/>
						<line number="241" hits="1" branch="false"/>
						<line number="243" hits="1" branch="false"/>
						<line number="244" hits="1" branch="false"/>
						<line number="247" hits="1" branch="false"/>
						<line number="248" hits="1" branch="false"/>
						<line number="257" hits="1" branch="false"/>
						<line number="260" hits="1" branch="false"/>
						<line number="262" hits="1" branch="false"/>
					</lines>
				</class>
				<class name="de.tud.plt.r43ples.core.R43plesCore" filename="de/tud/plt/r43ples/core/R43plesCore.java" line-rate="0.7377049180327869" branch-rate="0.6428571428571429" complexity="1.6153846153846154">
					<methods>
						<method name="&lt;init&gt;" signature="()V" line-rate="1.0" branch-rate="1.0">
							<lines>
								<line number="26" hits="10" branch="false"/>
								<line number="32" hits="10" branch="false"/>
								<line number="34" hits="10" branch="false"/>
							</lines>
						</method>
						<method name="createInitialCommit" signature="(Lde/tud/plt/r43ples/management/R43plesRequest;)Lde/tud/plt/r43ples/existentobjects/InitialCommit;" line-rate="1.0" branch-rate="1.0">
							<lines>
								<line number="45" hits="2" branch="false"/>
								<line number="46" hits="1" branch="false"/>
							</lines>
						</method>
						<method name="createInitialCommit" signature="(Ljava/lang/String;Ljava/lang/String;Ljava/lang/String;Ljava/lang/String;Ljava/lang/String;)Lde/tud/plt/r43ples/existentobjects/InitialCommit;" line-rate="1.0" branch-rate="1.0">
							<lines>
								<line number="62" hits="57" branch="false"/>
								<line number="63" hits="56" branch="false"/>
							</lines>
						</method>
						<method name="createMergeCommit" signature="(Lde/tud/plt/r43ples/management/R43plesRequest;)Lde/tud/plt/r43ples/existentobjects/MergeCommit;" line-rate="1.0" branch-rate="1.0">
							<lines>
								<line number="137" hits="5" branch="false"/>
								<line number="138" hits="5" branch="false"/>
							</lines>
						</method>
						<method name="createPickCommit" signature="(Lde/tud/plt/r43ples/management/R43plesRequest;)Lde/tud/plt/r43ples/existentobjects/PickCommit;" line-rate="1.0" branch-rate="1.0">
							<lines>
								<line number="170" hits="1" branch="false"/>
								<line number="171" hits="1" branch="false"/>
							</lines>
						</method>
						<method name="createReferenceCommit" signature="(Lde/tud/plt/r43ples/management/R43plesRequest;)Lde/tud/plt/r43ples/existentobjects/ReferenceCommit;" line-rate="1.0" branch-rate="1.0">
							<lines>
								<line number="106" hits="63" branch="false"/>
								<line number="107" hits="63" branch="false"/>
							</lines>
						</method>
						<method name="createReferenceCommit" signature="(Ljava/lang/String;Ljava/lang/String;Ljava/lang/String;Ljava/lang/String;Ljava/lang/String;Z)Lde/tud/plt/r43ples/existentobjects/ReferenceCommit;" line-rate="1.0" branch-rate="1.0">
							<lines>
								<line number="124" hits="34" branch="false"/>
								<line number="125" hits="34" branch="false"/>
							</lines>
						</method>
						<method name="createThreeWayMergeCommit" signature="(Ljava/lang/String;Ljava/lang/String;Ljava/lang/String;Ljava/lang/String;Ljava/lang/String;Ljava/lang/String;Ljava/lang/String;Lde/tud/plt/r43ples/core/MergeTypes;Z)Lde/tud/plt/r43ples/existentobjects/ThreeWayMergeCommit;" line-rate="0.0" branch-rate="1.0">
							<lines>
								<line number="157" hits="0" branch="false"/>
								<line number="158" hits="0" branch="false"/>
							</lines>
						</method>
						<method name="createUpdateCommit" signature="(Lde/tud/plt/r43ples/management/R43plesRequest;)Ljava/util/ArrayList;" line-rate="1.0" branch-rate="1.0">
							<lines>
								<line number="75" hits="10" branch="false"/>
								<line number="76" hits="10" branch="false"/>
							</lines>
						</method>
						<method name="createUpdateCommit" signature="(Ljava/lang/String;Ljava/lang/String;Ljava/lang/String;Ljava/lang/String;Ljava/lang/String;Ljava/lang/String;)Lde/tud/plt/r43ples/existentobjects/UpdateCommit;" line-rate="1.0" branch-rate="1.0">
							<lines>
								<line number="93" hits="321" branch="false"/>
								<line number="94" hits="321" branch="false"/>
							</lines>
						</method>
						<method name="getSparqlSelectConstructAskResponse" signature="(Lde/tud/plt/r43ples/management/R43plesRequest;Z)Ljava/lang/String;" line-rate="1.0" branch-rate="1.0">
							<lines>
								<line number="210" hits="65" branch="true" condition-coverage="100% (2/2)">
									<conditions>
										<condition number="0" type="jump" coverage="100%"/>
									</conditions>
								</line>
								<line number="211" hits="12" branch="false"/>
								<line number="212" hits="12" branch="false"/>
								<line number="214" hits="12" branch="false"/>
								<line number="215" hits="53" branch="false"/>
								<line number="217" hits="65" branch="false"/>
							</lines>
						</method>
						<method name="getSparqlSelectConstructAskResponseClassic" signature="(Ljava/lang/String;Ljava/lang/String;)Ljava/lang/String;" line-rate="0.9523809523809523" branch-rate="0.875">
							<lines>
								<line number="230" hits="53" branch="false"/>
								<line number="234" hits="53" branch="false"/>
								<line number="236" hits="53" branch="false"/>
								<line number="237" hits="106" branch="true" condition-coverage="100% (2/2)">
									<conditions>
										<condition number="0" type="jump" coverage="100%"/>
									</conditions>
								</line>
								<line number="238" hits="53" branch="false"/>
								<line number="239" hits="53" branch="false"/>
								<line number="240" hits="53" branch="false"/>
								<line number="243" hits="53" branch="false"/>
								<line number="246" hits="53" branch="true" condition-coverage="50% (1/2)">
									<conditions>
										<condition number="0" type="jump" coverage="50%"/>
									</conditions>
								</line>
								<line number="247" hits="0" branch="false"/>
								<line number="249" hits="53" branch="true" condition-coverage="100% (2/2)">
									<conditions>
										<condition number="0" type="jump" coverage="100%"/>
									</conditions>
								</line>
								<line number="252" hits="8" branch="false"/>
								<line number="254" hits="45" branch="true" condition-coverage="100% (2/2)">
									<conditions>
										<condition number="0" type="jump" coverage="100%"/>
									</conditions>
								</line>
								<line number="255" hits="27" branch="false"/>
								<line number="259" hits="18" branch="false"/>
								<line number="260" hits="18" branch="false"/>
								<line number="264" hits="53" branch="false"/>
								<line number="265" hits="53" branch="false"/>
								<line number="267" hits="53" branch="false"/>
								<line number="268" hits="53" branch="false"/>
								<line number="270" hits="53" branch="false"/>
							</lines>
						</method>
						<method name="sparqlDropGraph" signature="(Ljava/lang/String;)V" line-rate="0.0" branch-rate="0.0">
							<lines>
								<line number="183" hits="0" branch="false"/>
								<line number="184" hits="0" branch="false"/>
								<line number="186" hits="0" branch="false"/>
								<line number="187" hits="0" branch="false"/>
								<line number="188" hits="0" branch="true" condition-coverage="0% (0/2)">
									<conditions>
										<condition number="0" type="jump" coverage="0%"/>
									</conditions>
								</line>
								<line number="189" hits="0" branch="false"/>
								<line number="190" hits="0" branch="false"/>
								<line number="191" hits="0" branch="false"/>
								<line number="192" hits="0" branch="false"/>
								<line number="193" hits="0" branch="false"/>
								<line number="194" hits="0" branch="true" condition-coverage="0% (0/2)">
									<conditions>
										<condition number="0" type="jump" coverage="0%"/>
									</conditions>
								</line>
								<line number="195" hits="0" branch="false"/>
								<line number="197" hits="0" branch="false"/>
							</lines>
						</method>
					</methods>
					<lines>
						<line number="26" hits="10" branch="false"/>
						<line number="32" hits="10" branch="false"/>
						<line number="34" hits="10" branch="false"/>
						<line number="45" hits="2" branch="false"/>
						<line number="46" hits="1" branch="false"/>
						<line number="62" hits="57" branch="false"/>
						<line number="63" hits="56" branch="false"/>
						<line number="75" hits="10" branch="false"/>
						<line number="76" hits="10" branch="false"/>
						<line number="93" hits="321" branch="false"/>
						<line number="94" hits="321" branch="false"/>
						<line number="106" hits="63" branch="false"/>
						<line number="107" hits="63" branch="false"/>
						<line number="124" hits="34" branch="false"/>
						<line number="125" hits="34" branch="false"/>
						<line number="137" hits="5" branch="false"/>
						<line number="138" hits="5" branch="false"/>
						<line number="157" hits="0" branch="false"/>
						<line number="158" hits="0" branch="false"/>
						<line number="170" hits="1" branch="false"/>
						<line number="171" hits="1" branch="false"/>
						<line number="183" hits="0" branch="false"/>
						<line number="184" hits="0" branch="false"/>
						<line number="186" hits="0" branch="false"/>
						<line number="187" hits="0" branch="false"/>
						<line number="188" hits="0" branch="true" condition-coverage="0% (0/2)">
							<conditions>
								<condition number="0" type="jump" coverage="0%"/>
							</conditions>
						</line>
						<line number="189" hits="0" branch="false"/>
						<line number="190" hits="0" branch="false"/>
						<line number="191" hits="0" branch="false"/>
						<line number="192" hits="0" branch="false"/>
						<line number="193" hits="0" branch="false"/>
						<line number="194" hits="0" branch="true" condition-coverage="0% (0/2)">
							<conditions>
								<condition number="0" type="jump" coverage="0%"/>
							</conditions>
						</line>
						<line number="195" hits="0" branch="false"/>
						<line number="197" hits="0" branch="false"/>
						<line number="210" hits="65" branch="true" condition-coverage="100% (2/2)">
							<conditions>
								<condition number="0" type="jump" coverage="100%"/>
							</conditions>
						</line>
						<line number="211" hits="12" branch="false"/>
						<line number="212" hits="12" branch="false"/>
						<line number="214" hits="12" branch="false"/>
						<line number="215" hits="53" branch="false"/>
						<line number="217" hits="65" branch="false"/>
						<line number="230" hits="53" branch="false"/>
						<line number="234" hits="53" branch="false"/>
						<line number="236" hits="53" branch="false"/>
						<line number="237" hits="106" branch="true" condition-coverage="100% (2/2)">
							<conditions>
								<condition number="0" type="jump" coverage="100%"/>
							</conditions>
						</line>
						<line number="238" hits="53" branch="false"/>
						<line number="239" hits="53" branch="false"/>
						<line number="240" hits="53" branch="false"/>
						<line number="243" hits="53" branch="false"/>
						<line number="246" hits="53" branch="true" condition-coverage="50% (1/2)">
							<conditions>
								<condition number="0" type="jump" coverage="50%"/>
							</conditions>
						</line>
						<line number="247" hits="0" branch="false"/>
						<line number="249" hits="53" branch="true" condition-coverage="100% (2/2)">
							<conditions>
								<condition number="0" type="jump" coverage="100%"/>
							</conditions>
						</line>
						<line number="252" hits="8" branch="false"/>
						<line number="254" hits="45" branch="true" condition-coverage="100% (2/2)">
							<conditions>
								<condition number="0" type="jump" coverage="100%"/>
							</conditions>
						</line>
						<line number="255" hits="27" branch="false"/>
						<line number="259" hits="18" branch="false"/>
						<line number="260" hits="18" branch="false"/>
						<line number="264" hits="53" branch="false"/>
						<line number="265" hits="53" branch="false"/>
						<line number="267" hits="53" branch="false"/>
						<line number="268" hits="53" branch="false"/>
						<line number="270" hits="53" branch="false"/>
					</lines>
				</class>
				<class name="de.tud.plt.r43ples.core.R43plesCoreInterface" filename="de/tud/plt/r43ples/core/R43plesCoreInterface.java" line-rate="1.0" branch-rate="1.0" complexity="1.0">
					<methods>
					</methods>
					<lines>
					</lines>
				</class>
				<class name="de.tud.plt.r43ples.core.R43plesCoreSingleton" filename="de/tud/plt/r43ples/core/R43plesCoreSingleton.java" line-rate="0.7142857142857143" branch-rate="1.0" complexity="2.0">
					<methods>
						<method name="&lt;clinit&gt;" signature="()V" line-rate="1.0" branch-rate="1.0">
							<lines>
								<line number="13" hits="1" branch="false"/>
							</lines>
						</method>
						<method name="&lt;init&gt;" signature="()V" line-rate="0.0" branch-rate="1.0">
							<lines>
								<line number="22" hits="0" branch="false"/>
								<line number="24" hits="0" branch="false"/>
							</lines>
						</method>
						<method name="getInstance" signature="()Lde/tud/plt/r43ples/core/R43plesCoreInterface;" line-rate="1.0" branch-rate="1.0">
							<lines>
								<line number="32" hits="195" branch="true" condition-coverage="100% (2/2)">
									<conditions>
										<condition number="0" type="jump" coverage="100%"/>
									</conditions>
								</line>
								<line number="33" hits="194" branch="false"/>
								<line number="35" hits="1" branch="false"/>
								<line number="36" hits="1" branch="false"/>
							</lines>
						</method>
					</methods>
					<lines>
						<line number="13" hits="1" branch="false"/>
						<line number="22" hits="0" branch="false"/>
						<line number="24" hits="0" branch="false"/>
						<line number="32" hits="195" branch="true" condition-coverage="100% (2/2)">
							<conditions>
								<condition number="0" type="jump" coverage="100%"/>
							</conditions>
						</line>
						<line number="33" hits="194" branch="false"/>
						<line number="35" hits="1" branch="false"/>
						<line number="36" hits="1" branch="false"/>
					</lines>
				</class>
				<class name="de.tud.plt.r43ples.core.ReferenceCreationCommitDraft" filename="de/tud/plt/r43ples/core/ReferenceCreationCommitDraft.java" line-rate="0.9354838709677419" branch-rate="0.8333333333333334" complexity="3.4">
					<methods>
						<method name="&lt;init&gt;" signature="(Lde/tud/plt/r43ples/management/R43plesRequest;)V" line-rate="1.0" branch-rate="1.0">
							<lines>
								<line number="48" hits="63" branch="false"/>
								<line number="49" hits="63" branch="false"/>
								<line number="50" hits="63" branch="false"/>
								<line number="51" hits="63" branch="false"/>
							</lines>
						</method>
						<method name="&lt;init&gt;" signature="(Ljava/lang/String;Ljava/lang/String;Ljava/lang/String;Ljava/lang/String;Ljava/lang/String;Z)V" line-rate="1.0" branch-rate="1.0">
							<lines>
								<line number="23" hits="97" branch="false"/>
								<line number="26" hits="97" branch="false"/>
								<line number="66" hits="34" branch="false"/>
								<line number="67" hits="34" branch="false"/>
								<line number="68" hits="34" branch="false"/>
								<line number="69" hits="34" branch="false"/>
								<line number="70" hits="34" branch="false"/>
								<line number="71" hits="34" branch="false"/>
								<line number="72" hits="34" branch="false"/>
								<line number="73" hits="34" branch="false"/>
								<line number="74" hits="34" branch="false"/>
							</lines>
						</method>
						<method name="addMetaInformation" signature="(Ljava/lang/String;Ljava/lang/String;)V" line-rate="0.8823529411764706" branch-rate="0.8333333333333334">
							<lines>
								<line number="145" hits="97" branch="true" condition-coverage="100% (2/2)">
									<conditions>
										<condition number="0" type="jump" coverage="100%"/>
									</conditions>
								</line>
								<line number="146" hits="89" branch="false"/>
								<line number="148" hits="8" branch="false"/>
								<line number="151" hits="97" branch="false"/>
								<line number="152" hits="97" branch="false"/>
								<line number="154" hits="97" branch="true" condition-coverage="50% (1/2)">
									<conditions>
										<condition number="0" type="jump" coverage="50%"/>
									</conditions>
								</line>
								<line number="156" hits="0" branch="false"/>
								<line number="158" hits="0" branch="false"/>
								<line number="162" hits="97" branch="true" condition-coverage="100% (2/2)">
									<conditions>
										<condition number="0" type="jump" coverage="100%"/>
									</conditions>
								</line>
								<line number="163" hits="97" branch="false"/>
								<line number="164" hits="97" branch="false"/>
								<line number="167" hits="97" branch="false"/>
								<line number="177" hits="97" branch="false"/>
								<line number="186" hits="97" branch="false"/>
								<line number="189" hits="97" branch="false"/>
								<line number="191" hits="97" branch="false"/>
								<line number="193" hits="97" branch="false"/>
							</lines>
						</method>
						<method name="createCommitInTripleStore" signature="()Lde/tud/plt/r43ples/existentobjects/ReferenceCommit;" line-rate="1.0" branch-rate="1.0">
							<lines>
								<line number="113" hits="97" branch="false"/>
								<line number="116" hits="97" branch="true" condition-coverage="100% (2/2)">
									<conditions>
										<condition number="0" type="jump" coverage="100%"/>
									</conditions>
								</line>
								<line number="117" hits="89" branch="false"/>
								<line number="118" hits="89" branch="false"/>
								<line number="120" hits="8" branch="false"/>
								<line number="121" hits="8" branch="false"/>
								<line number="124" hits="97" branch="false"/>
								<line number="126" hits="97" branch="false"/>
								<line number="128" hits="97" branch="true" condition-coverage="100% (2/2)">
									<conditions>
										<condition number="0" type="jump" coverage="100%"/>
									</conditions>
								</line>
								<line number="129" hits="89" branch="false"/>
								<line number="131" hits="8" branch="false"/>
								<line number="134" hits="97" branch="false"/>
							</lines>
						</method>
						<method name="extractRequestInformation" signature="()V" line-rate="0.8888888888888888" branch-rate="0.75">
							<lines>
								<line number="82" hits="63" branch="false"/>
								<line number="84" hits="63" branch="false"/>
								<line number="86" hits="63" branch="false"/>
								<line number="88" hits="126" branch="true" condition-coverage="100% (2/2)">
									<conditions>
										<condition number="0" type="jump" coverage="100%"/>
									</conditions>
								</line>
								<line number="89" hits="63" branch="false"/>
								<line number="90" hits="63" branch="false"/>
								<line number="91" hits="63" branch="false"/>
								<line number="92" hits="63" branch="false"/>
								<line number="93" hits="63" branch="false"/>
								<line number="94" hits="63" branch="true" condition-coverage="100% (2/2)">
									<conditions>
										<condition number="0" type="jump" coverage="100%"/>
									</conditions>
								</line>
								<line number="95" hits="1" branch="false"/>
								<line number="96" hits="62" branch="true" condition-coverage="50% (1/2)">
									<conditions>
										<condition number="0" type="jump" coverage="50%"/>
									</conditions>
								</line>
								<line number="97" hits="62" branch="false"/>
								<line number="99" hits="0" branch="false"/>
								<line number="101" hits="63" branch="false"/>
								<line number="102" hits="63" branch="true" condition-coverage="50% (1/2)">
									<conditions>
										<condition number="0" type="jump" coverage="50%"/>
									</conditions>
								</line>
								<line number="103" hits="0" branch="false"/>
								<line number="105" hits="63" branch="false"/>
							</lines>
						</method>
					</methods>
					<lines>
						<line number="23" hits="97" branch="false"/>
						<line number="26" hits="97" branch="false"/>
						<line number="48" hits="63" branch="false"/>
						<line number="49" hits="63" branch="false"/>
						<line number="50" hits="63" branch="false"/>
						<line number="51" hits="63" branch="false"/>
						<line number="66" hits="34" branch="false"/>
						<line number="67" hits="34" branch="false"/>
						<line number="68" hits="34" branch="false"/>
						<line number="69" hits="34" branch="false"/>
						<line number="70" hits="34" branch="false"/>
						<line number="71" hits="34" branch="false"/>
						<line number="72" hits="34" branch="false"/>
						<line number="73" hits="34" branch="false"/>
						<line number="74" hits="34" branch="false"/>
						<line number="82" hits="63" branch="false"/>
						<line number="84" hits="63" branch="false"/>
						<line number="86" hits="63" branch="false"/>
						<line number="88" hits="126" branch="true" condition-coverage="100% (2/2)">
							<conditions>
								<condition number="0" type="jump" coverage="100%"/>
							</conditions>
						</line>
						<line number="89" hits="63" branch="false"/>
						<line number="90" hits="63" branch="false"/>
						<line number="91" hits="63" branch="false"/>
						<line number="92" hits="63" branch="false"/>
						<line number="93" hits="63" branch="false"/>
						<line number="94" hits="63" branch="true" condition-coverage="100% (2/2)">
							<conditions>
								<condition number="0" type="jump" coverage="100%"/>
							</conditions>
						</line>
						<line number="95" hits="1" branch="false"/>
						<line number="96" hits="62" branch="true" condition-coverage="50% (1/2)">
							<conditions>
								<condition number="0" type="jump" coverage="50%"/>
							</conditions>
						</line>
						<line number="97" hits="62" branch="false"/>
						<line number="99" hits="0" branch="false"/>
						<line number="101" hits="63" branch="false"/>
						<line number="102" hits="63" branch="true" condition-coverage="50% (1/2)">
							<conditions>
								<condition number="0" type="jump" coverage="50%"/>
							</conditions>
						</line>
						<line number="103" hits="0" branch="false"/>
						<line number="105" hits="63" branch="false"/>
						<line number="113" hits="97" branch="false"/>
						<line number="116" hits="97" branch="true" condition-coverage="100% (2/2)">
							<conditions>
								<condition number="0" type="jump" coverage="100%"/>
							</conditions>
						</line>
						<line number="117" hits="89" branch="false"/>
						<line number="118" hits="89" branch="false"/>
						<line number="120" hits="8" branch="false"/>
						<line number="121" hits="8" branch="false"/>
						<line number="124" hits="97" branch="false"/>
						<line number="126" hits="97" branch="false"/>
						<line number="128" hits="97" branch="true" condition-coverage="100% (2/2)">
							<conditions>
								<condition number="0" type="jump" coverage="100%"/>
							</conditions>
						</line>
						<line number="129" hits="89" branch="false"/>
						<line number="131" hits="8" branch="false"/>
						<line number="134" hits="97" branch="false"/>
						<line number="145" hits="97" branch="true" condition-coverage="100% (2/2)">
							<conditions>
								<condition number="0" type="jump" coverage="100%"/>
							</conditions>
						</line>
						<line number="146" hits="89" branch="false"/>
						<line number="148" hits="8" branch="false"/>
						<line number="151" hits="97" branch="false"/>
						<line number="152" hits="97" branch="false"/>
						<line number="154" hits="97" branch="true" condition-coverage="50% (1/2)">
							<conditions>
								<condition number="0" type="jump" coverage="50%"/>
							</conditions>
						</line>
						<line number="156" hits="0" branch="false"/>
						<line number="158" hits="0" branch="false"/>
						<line number="162" hits="97" branch="true" condition-coverage="100% (2/2)">
							<conditions>
								<condition number="0" type="jump" coverage="100%"/>
							</conditions>
						</line>
						<line number="163" hits="97" branch="false"/>
						<line number="164" hits="97" branch="false"/>
[...]
								<line number="46" hits="1" branch="false"/>
								<line number="47" hits="1" branch="false"/>
								<line number="48" hits="1" branch="false"/>
								<line number="49" hits="1" branch="false"/>
								<line number="50" hits="1" branch="false"/>
							</lines>
						</method>
						<method name="mergingPOST" signature="(Ljava/lang/String;Ljava/lang/String;Ljava/lang/String;Ljava/lang/String;Ljava/lang/String;Ljava/lang/String;Ljava/lang/String;)Ljavax/ws/rs/core/Response;" line-rate="0.0" branch-rate="0.0">
							<lines>
								<line number="72" hits="0" branch="true" condition-coverage="0% (0/2)">
									<conditions>
										<condition number="0" type="jump" coverage="0%"/>
									</conditions>
								</line>
								<line number="73" hits="0" branch="false"/>
								<line number="74" hits="0" branch="true" condition-coverage="0% (0/4)">
									<conditions>
										<condition number="0" type="jump" coverage="0%"/>
										<condition number="1" type="jump" coverage="0%"/>
									</conditions>
								</line>
								<line number="75" hits="0" branch="false"/>
								<line number="76" hits="0" branch="true" condition-coverage="0% (0/2)">
									<conditions>
										<condition number="0" type="jump" coverage="0%"/>
									</conditions>
								</line>
								<line number="77" hits="0" branch="false"/>
								<line number="78" hits="0" branch="true" condition-coverage="0% (0/2)">
									<conditions>
										<condition number="0" type="jump" coverage="0%"/>
									</conditions>
								</line>
								<line number="79" hits="0" branch="false"/>
								<line number="80" hits="0" branch="true" condition-coverage="0% (0/2)">
									<conditions>
										<condition number="0" type="jump" coverage="0%"/>
									</conditions>
								</line>
								<line number="81" hits="0" branch="false"/>
								<line number="83" hits="0" branch="false"/>
								<line number="84" hits="0" branch="false"/>
								<line number="87" hits="0" branch="true" condition-coverage="0% (0/2)">
									<conditions>
										<condition number="0" type="jump" coverage="0%"/>
									</conditions>
								</line>
								<line number="88" hits="0" branch="false"/>
								<line number="90" hits="0" branch="false"/>
								<line number="92" hits="0" branch="false"/>
								<line number="94" hits="0" branch="true" condition-coverage="0% (0/2)">
									<conditions>
										<condition number="0" type="jump" coverage="0%"/>
									</conditions>
								</line>
								<line number="95" hits="0" branch="false"/>
								<line number="96" hits="0" branch="false"/>
								<line number="97" hits="0" branch="false"/>
								<line number="100" hits="0" branch="false"/>
								<line number="104" hits="0" branch="true" condition-coverage="0% (0/2)">
									<conditions>
										<condition number="0" type="jump" coverage="0%"/>
									</conditions>
								</line>
								<line number="112" hits="0" branch="true" condition-coverage="0% (0/2)">
									<conditions>
										<condition number="0" type="jump" coverage="0%"/>
									</conditions>
								</line>
								<line number="113" hits="0" branch="false"/>
								<line number="114" hits="0" branch="false"/>
								<line number="115" hits="0" branch="false"/>
								<line number="116" hits="0" branch="true" condition-coverage="0% (0/4)">
									<conditions>
										<condition number="0" type="jump" coverage="0%"/>
										<condition number="1" type="jump" coverage="0%"/>
									</conditions>
								</line>
								<line number="117" hits="0" branch="false"/>
								<line number="118" hits="0" branch="false"/>
								<line number="120" hits="0" branch="false"/>
								<line number="135" hits="0" branch="false"/>
								<line number="152" hits="0" branch="false"/>
							</lines>
						</method>
					</methods>
					<lines>
						<line number="30" hits="1" branch="false"/>
						<line number="32" hits="1" branch="false"/>
						<line number="39" hits="1" branch="false"/>
						<line number="41" hits="1" branch="false"/>
						<line number="42" hits="1" branch="false"/>
						<line number="43" hits="1" branch="false"/>
						<line number="44" hits="1" branch="false"/>
						<line number="46" hits="1" branch="false"/>
						<line number="47" hits="1" branch="false"/>
						<line number="48" hits="1" branch="false"/>
						<line number="49" hits="1" branch="false"/>
						<line number="50" hits="1" branch="false"/>
						<line number="72" hits="0" branch="true" condition-coverage="0% (0/2)">
							<conditions>
								<condition number="0" type="jump" coverage="0%"/>
							</conditions>
						</line>
						<line number="73" hits="0" branch="false"/>
						<line number="74" hits="0" branch="true" condition-coverage="0% (0/4)">
							<conditions>
								<condition number="0" type="jump" coverage="0%"/>
								<condition number="1" type="jump" coverage="0%"/>
							</conditions>
						</line>
						<line number="75" hits="0" branch="false"/>
						<line number="76" hits="0" branch="true" condition-coverage="0% (0/2)">
							<conditions>
								<condition number="0" type="jump" coverage="0%"/>
							</conditions>
						</line>
						<line number="77" hits="0" branch="false"/>
						<line number="78" hits="0" branch="true" condition-coverage="0% (0/2)">
							<conditions>
								<condition number="0" type="jump" coverage="0%"/>
							</conditions>
						</line>
						<line number="79" hits="0" branch="false"/>
						<line number="80" hits="0" branch="true" condition-coverage="0% (0/2)">
							<conditions>
								<condition number="0" type="jump" coverage="0%"/>
							</conditions>
						</line>
						<line number="81" hits="0" branch="false"/>
						<line number="83" hits="0" branch="false"/>
						<line number="84" hits="0" branch="false"/>
						<line number="87" hits="0" branch="true" condition-coverage="0% (0/2)">
							<conditions>
								<condition number="0" type="jump" coverage="0%"/>
							</conditions>
						</line>
						<line number="88" hits="0" branch="false"/>
						<line number="90" hits="0" branch="false"/>
						<line number="92" hits="0" branch="false"/>
						<line number="94" hits="0" branch="true" condition-coverage="0% (0/2)">
							<conditions>
								<condition number="0" type="jump" coverage="0%"/>
							</conditions>
						</line>
						<line number="95" hits="0" branch="false"/>
						<line number="96" hits="0" branch="false"/>
						<line number="97" hits="0" branch="false"/>
						<line number="100" hits="0" branch="false"/>
						<line number="104" hits="0" branch="true" condition-coverage="0% (0/2)">
							<conditions>
								<condition number="0" type="jump" coverage="0%"/>
							</conditions>
						</line>
						<line number="112" hits="0" branch="true" condition-coverage="0% (0/2)">
							<conditions>
								<condition number="0" type="jump" coverage="0%"/>
							</conditions>
						</line>
						<line number="113" hits="0" branch="false"/>
						<line number="114" hits="0" branch="false"/>
						<line number="115" hits="0" branch="false"/>
						<line number="116" hits="0" branch="true" condition-coverage="0% (0/4)">
							<conditions>
								<condition number="0" type="jump" coverage="0%"/>
								<condition number="1" type="jump" coverage="0%"/>
							</conditions>
						</line>
						<line number="117" hits="0" branch="false"/>
						<line number="118" hits="0" branch="false"/>
						<line number="120" hits="0" branch="false"/>
						<line number="135" hits="0" branch="false"/>
						<line number="152" hits="0" branch="false"/>
					</lines>
				</class>
				<class name="de.tud.plt.r43ples.webservice.Misc" filename="de/tud/plt/r43ples/webservice/Misc.java" line-rate="0.9152542372881356" branch-rate="0.95" complexity="4.333333333333333">
					<methods>
						<method name="&lt;clinit&gt;" signature="()V" line-rate="1.0" branch-rate="1.0">
							<lines>
								<line number="35" hits="1" branch="false"/>
							</lines>
						</method>
						<method name="&lt;init&gt;" signature="()V" line-rate="1.0" branch-rate="1.0">
							<lines>
								<line number="33" hits="23" branch="false"/>
							</lines>
						</method>
						<method name="createSampleDataset" signature="(Ljava/lang/String;)Ljavax/ws/rs/core/Response;" line-rate="1.0" branch-rate="1.0">
							<lines>
								<line number="83" hits="11" branch="false"/>
								<line number="85" hits="11" branch="true" condition-coverage="100% (4/4)">
									<conditions>
										<condition number="0" type="jump" coverage="100%"/>
										<condition number="1" type="jump" coverage="100%"/>
									</conditions>
								</line>
								<line number="86" hits="2" branch="false"/>
								<line number="88" hits="11" branch="true" condition-coverage="100% (4/4)">
									<conditions>
										<condition number="0" type="jump" coverage="100%"/>
										<condition number="1" type="jump" coverage="100%"/>
									</conditions>
								</line>
								<line number="89" hits="2" branch="false"/>
								<line number="91" hits="11" branch="true" condition-coverage="100% (4/4)">
									<conditions>
										<condition number="0" type="jump" coverage="100%"/>
										<condition number="1" type="jump" coverage="100%"/>
									</conditions>
								</line>
								<line number="92" hits="2" branch="false"/>
								<line number="94" hits="11" branch="true" condition-coverage="100% (4/4)">
									<conditions>
										<condition number="0" type="jump" coverage="100%"/>
										<condition number="1" type="jump" coverage="100%"/>
									</conditions>
								</line>
								<line number="95" hits="2" branch="false"/>
								<line number="97" hits="11" branch="true" condition-coverage="100% (4/4)">
									<conditions>
										<condition number="0" type="jump" coverage="100%"/>
										<condition number="1" type="jump" coverage="100%"/>
									</conditions>
								</line>
								<line number="98" hits="2" branch="false"/>
								<line number="100" hits="11" branch="true" condition-coverage="100% (4/4)">
									<conditions>
										<condition number="0" type="jump" coverage="100%"/>
										<condition number="1" type="jump" coverage="100%"/>
									</conditions>
								</line>
								<line number="101" hits="2" branch="false"/>
								<line number="103" hits="11" branch="true" condition-coverage="100% (4/4)">
									<conditions>
										<condition number="0" type="jump" coverage="100%"/>
										<condition number="1" type="jump" coverage="100%"/>
									</conditions>
								</line>
								<line number="104" hits="2" branch="false"/>
								<line number="106" hits="11" branch="true" condition-coverage="100% (4/4)">
									<conditions>
										<condition number="0" type="jump" coverage="100%"/>
										<condition number="1" type="jump" coverage="100%"/>
									</conditions>
								</line>
								<line number="107" hits="2" branch="false"/>
								<line number="109" hits="11" branch="false"/>
								<line number="110" hits="11" branch="false"/>
								<line number="112" hits="11" branch="false"/>
								<line number="113" hits="11" branch="false"/>
								<line number="114" hits="11" branch="false"/>
								<line number="115" hits="11" branch="false"/>
								<line number="116" hits="11" branch="false"/>
								<line number="117" hits="11" branch="false"/>
							</lines>
						</method>
						<method name="getContentOfGraph" signature="(Ljava/lang/String;Ljava/lang/String;Ljava/lang/String;)Ljavax/ws/rs/core/Response;" line-rate="1.0" branch-rate="0.5">
							<lines>
								<line number="164" hits="1" branch="false"/>
								<line number="165" hits="1" branch="true" condition-coverage="50% (1/2)">
									<conditions>
										<condition number="0" type="jump" coverage="50%"/>
									</conditions>
								</line>
								<line number="166" hits="1" branch="false"/>
								<line number="168" hits="1" branch="false"/>
								<line number="169" hits="1" branch="false"/>
								<line number="170" hits="1" branch="false"/>
							</lines>
						</method>
						<method name="getHelpPage" signature="()Ljava/util/Map;" line-rate="0.0" branch-rate="1.0">
							<lines>
								<line number="68" hits="0" branch="false"/>
								<line number="69" hits="0" branch="false"/>
								<line number="70" hits="0" branch="false"/>
								<line number="71" hits="0" branch="false"/>
								<line number="72" hits="0" branch="false"/>
							</lines>
						</method>
						<method name="getIndex" signature="()Ljavax/ws/rs/core/Response;" line-rate="1.0" branch-rate="1.0">
							<lines>
								<line number="60" hits="1" branch="false"/>
							</lines>
						</method>
						<method name="getLandingPage" signature="()Ljavax/ws/rs/core/Response;" line-rate="1.0" branch-rate="1.0">
							<lines>
								<line number="44" hits="2" branch="false"/>
								<line number="45" hits="2" branch="false"/>
								<line number="46" hits="2" branch="false"/>
								<line number="48" hits="2" branch="false"/>
								<line number="49" hits="2" branch="false"/>
								<line number="50" hits="2" branch="false"/>
								<line number="51" hits="2" branch="false"/>
								<line number="52" hits="2" branch="false"/>
								<line number="53" hits="2" branch="false"/>
							</lines>
						</method>
						<method name="getRevisionGraph" signature="(Ljava/lang/String;Ljava/lang/String;Ljava/lang/String;)Ljavax/ws/rs/core/Response;" line-rate="1.0" branch-rate="0.8333333333333334">
							<lines>
								<line number="135" hits="9" branch="true" condition-coverage="50% (1/2)">
									<conditions>
										<condition number="0" type="jump" coverage="50%"/>
									</conditions>
								</line>
								<line number="136" hits="9" branch="false"/>
								<line number="138" hits="9" branch="false"/>
								<line number="139" hits="9" branch="true" condition-coverage="100% (2/2)">
									<conditions>
										<condition number="0" type="jump" coverage="100%"/>
									</conditions>
								</line>
								<line number="140" hits="3" branch="false"/>
								<line number="141" hits="3" branch="false"/>
								<line number="142" hits="6" branch="true" condition-coverage="100% (2/2)">
									<conditions>
										<condition number="0" type="jump" coverage="100%"/>
									</conditions>
								</line>
								<line number="143" hits="3" branch="false"/>
								<line number="146" hits="3" branch="false"/>
								<line number="147" hits="3" branch="false"/>
								<line number="149" hits="9" branch="false"/>
							</lines>
						</method>
					</methods>
					<lines>
						<line number="33" hits="23" branch="false"/>
						<line number="35" hits="1" branch="false"/>
						<line number="44" hits="2" branch="false"/>
						<line number="45" hits="2" branch="false"/>
						<line number="46" hits="2" branch="false"/>
						<line number="48" hits="2" branch="false"/>
						<line number="49" hits="2" branch="false"/>
						<line number="50" hits="2" branch="false"/>
						<line number="51" hits="2" branch="false"/>
						<line number="52" hits="2" branch="false"/>
						<line number="53" hits="2" branch="false"/>
						<line number="60" hits="1" branch="false"/>
						<line number="68" hits="0" branch="false"/>
						<line number="69" hits="0" branch="false"/>
						<line number="70" hits="0" branch="false"/>
						<line number="71" hits="0" branch="false"/>
						<line number="72" hits="0" branch="false"/>
						<line number="83" hits="11" branch="false"/>
						<line number="85" hits="11" branch="true" condition-coverage="100% (4/4)">
							<conditions>
								<condition number="0" type="jump" coverage="100%"/>
								<condition number="1" type="jump" coverage="100%"/>
							</conditions>
						</line>
						<line number="86" hits="2" branch="false"/>
						<line number="88" hits="11" branch="true" condition-coverage="100% (4/4)">
							<conditions>
								<condition number="0" type="jump" coverage="100%"/>
								<condition number="1" type="jump" coverage="100%"/>
							</conditions>
						</line>
						<line number="89" hits="2" branch="false"/>
						<line number="91" hits="11" branch="true" condition-coverage="100% (4/4)">
							<conditions>
								<condition number="0" type="jump" coverage="100%"/>
								<condition number="1" type="jump" coverage="100%"/>
							</conditions>
						</line>
						<line number="92" hits="2" branch="false"/>
						<line number="94" hits="11" branch="true" condition-coverage="100% (4/4)">
							<conditions>
								<condition number="0" type="jump" coverage="100%"/>
								<condition number="1" type="jump" coverage="100%"/>
							</conditions>
						</line>
						<line number="95" hits="2" branch="false"/>
						<line number="97" hits="11" branch="true" condition-coverage="100% (4/4)">
							<conditions>
								<condition number="0" type="jump" coverage="100%"/>
								<condition number="1" type="jump" coverage="100%"/>
							</conditions>
						</line>
						<line number="98" hits="2" branch="false"/>
						<line number="100" hits="11" branch="true" condition-coverage="100% (4/4)">
							<conditions>
								<condition number="0" type="jump" coverage="100%"/>
								<condition number="1" type="jump" coverage="100%"/>
							</conditions>
						</line>
						<line number="101" hits="2" branch="false"/>
						<line number="103" hits="11" branch="true" condition-coverage="100% (4/4)">
							<conditions>
								<condition number="0" type="jump" coverage="100%"/>
								<condition number="1" type="jump" coverage="100%"/>
							</conditions>
						</line>
						<line number="104" hits="2" branch="false"/>
						<line number="106" hits="11" branch="true" condition-coverage="100% (4/4)">
							<conditions>
								<condition number="0" type="jump" coverage="100%"/>
								<condition number="1" type="jump" coverage="100%"/>
							</conditions>
						</line>
						<line number="107" hits="2" branch="false"/>
						<line number="109" hits="11" branch="false"/>
						<line number="110" hits="11" branch="false"/>
						<line number="112" hits="11" branch="false"/>
						<line number="113" hits="11" branch="false"/>
						<line number="114" hits="11" branch="false"/>
						<line number="115" hits="11" branch="false"/>
						<line number="116" hits="11" branch="false"/>
						<line number="117" hits="11" branch="false"/>
						<line number="135" hits="9" branch="true" condition-coverage="50% (1/2)">
							<conditions>
								<condition number="0" type="jump" coverage="50%"/>
							</conditions>
						</line>
						<line number="136" hits="9" branch="false"/>
						<line number="138" hits="9" branch="false"/>
						<line number="139" hits="9" branch="true" condition-coverage="100% (2/2)">
							<conditions>
								<condition number="0" type="jump" coverage="100%"/>
							</conditions>
						</line>
						<line number="140" hits="3" branch="false"/>
						<line number="141" hits="3" branch="false"/>
						<line number="142" hits="6" branch="true" condition-coverage="100% (2/2)">
							<conditions>
								<condition number="0" type="jump" coverage="100%"/>
							</conditions>
						</line>
						<line number="143" hits="3" branch="false"/>
						<line number="146" hits="3" branch="false"/>
						<line number="147" hits="3" branch="false"/>
						<line number="149" hits="9" branch="false"/>
						<line number="164" hits="1" branch="false"/>
						<line number="165" hits="1" branch="true" condition-coverage="50% (1/2)">
							<conditions>
								<condition number="0" type="jump" coverage="50%"/>
							</conditions>
						</line>
						<line number="166" hits="1" branch="false"/>
						<line number="168" hits="1" branch="false"/>
						<line number="169" hits="1" branch="false"/>
						<line number="170" hits="1" branch="false"/>
					</lines>
				</class>
			</classes>
		</package>
	</packages>
</coverage>
